<?xml version="1.0" encoding="UTF-8"?>
<!-- Generated by org.testng.reporters.JUnitXMLReporter -->
<testsuite ignored="0" hostname="DESKTOP-PB2EV64" failures="0" tests="24" name="Web test selenium first task" time="11.891" errors="0" timestamp="10 апр. 2021 13:13:10 GMT">
  <testcase classname="Hw2.FirstHalf" name="EnterPage" time="1.484"/>
  <testcase classname="Hw2.FirstHalf" name="CheckHeader" time="0.365"/>
  <testcase classname="Hw2.FirstHalf" name="CheckIframe" time="0.037"/>
  <testcase classname="Hw2.FirstHalf" name="CheckImages" time="0.14"/>
  <testcase classname="Hw2.FirstHalf" name="Footer" time="0.026"/>
  <testcase classname="Hw2.FirstHalf" name="LeftSection" time="0.027"/>
  <testcase classname="Hw2.FirstHalf" name="MainHeaderText" time="0.071"/>
  <testcase classname="Hw2.FirstHalf" name="PerformLogin" time="0.278"/>
  <testcase classname="Hw2.FirstHalf" name="SubheaderText" time="0.046"/>
  <testcase classname="Hw2.FirstHalf" name="CheckImagesTexts" time="0.106"/>
  <testcase classname="Hw2.FirstHalf" name="CheckUsername" time="0.015"/>
  <testcase classname="Hw2.FirstHalf" name="SubheaderLink" time="0.029"/>
  <testcase classname="Hw2.FirstHalf" name="TestIframeContent" time="0.058"/>
  <testcase classname="Hw2.FirstHalf" name="CheckPostlogin" time="0.004"/>
  <testcase classname="Hw2.SecondHalf" name="EnterPage" time="3.293"/>
  <testcase classname="Hw2.SecondHalf" name="CheckServicesHeader" time="0.389"/>
  <testcase classname="Hw2.SecondHalf" name="CheckServicesLeft" time="0.428"/>
  <testcase classname="Hw2.SecondHalf" name="PerformLogin" time="0.287"/>
  <testcase classname="Hw2.SecondHalf" name="CheckDiffElements" time="0.393"/>
  <testcase classname="Hw2.SecondHalf" name="CheckDiffElementsContent" time="0.28"/>
  <testcase classname="Hw2.SecondHalf" name="CheckCheckboxesLogging" time="0.098"/>
  <testcase classname="Hw2.SecondHalf" name="CheckDropdownLogging" time="0.148"/>
  <testcase classname="Hw2.SecondHalf" name="CheckRadiobuttonLogging" time="0.059"/>
  <testcase classname="Hw2.SecondHalf" name="CheckCheckboxesLoggingReverse" time="0.069"/>
</testsuite> <!-- Web test selenium first task -->
