<?xml version="1.0" encoding="UTF-8"?>
<testng-results ignored="0" total="3" passed="3" failed="0" skipped="0">
  <reporter-output>
  </reporter-output>
  <suite started-at="2021-04-11T21:37:41 MSK" name="Hw3.RunTest" finished-at="2021-04-11T21:37:55 MSK" duration-ms="14442">
    <groups>
      <group name="cucumber">
        <method signature="AbstractTestNGCucumberTests.runScenario(io.cucumber.testng.PickleWrapper, io.cucumber.testng.FeatureWrapper)[pri:0, instance:Hw3.RunTest@71623278]" name="runScenario" class="io.cucumber.testng.AbstractTestNGCucumberTests"/>
      </group> <!-- cucumber -->
    </groups>
    <test started-at="2021-04-11T21:37:41 MSK" name="Command line test" finished-at="2021-04-11T21:37:55 MSK" duration-ms="14442">
      <class name="Hw3.RunTest">
        <test-method is-config="true" signature="setUpClass()[pri:0, instance:Hw3.RunTest@71623278]" started-at="2021-04-11T21:37:41 MSK" name="setUpClass" finished-at="2021-04-11T21:37:41 MSK" duration-ms="218" status="PASS">
          <reporter-output>
          </reporter-output>
        </test-method> <!-- setUpClass -->
        <test-method signature="runScenario(io.cucumber.testng.PickleWrapper, io.cucumber.testng.FeatureWrapper)[pri:0, instance:Hw3.RunTest@71623278]" started-at="2021-04-11T21:37:41 MSK" name="runScenario" description="Runs Cucumber Scenarios" data-provider="scenarios" finished-at="2021-04-11T21:37:46 MSK" duration-ms="4713" status="PASS">
          <params>
            <param index="0">
              <value>
                <![CDATA["assert browser titles"]]>
              </value>
            </param>
            <param index="1">
              <value>
                <![CDATA["Optional[Exercise 1 of Homework 3]"]]>
              </value>
            </param>
          </params>
          <reporter-output>
          </reporter-output>
        </test-method> <!-- runScenario -->
        <test-method signature="runScenario(io.cucumber.testng.PickleWrapper, io.cucumber.testng.FeatureWrapper)[pri:0, instance:Hw3.RunTest@71623278]" started-at="2021-04-11T21:37:46 MSK" name="runScenario" description="Runs Cucumber Scenarios" data-provider="scenarios" finished-at="2021-04-11T21:37:50 MSK" duration-ms="3778" status="PASS">
          <params>
            <param index="0">
              <value>
                <![CDATA["assert username"]]>
              </value>
            </param>
            <param index="1">
              <value>
                <![CDATA["Optional[Exercise 1 of Homework 3]"]]>
              </value>
            </param>
          </params>
          <reporter-output>
          </reporter-output>
        </test-method> <!-- runScenario -->
        <test-method signature="runScenario(io.cucumber.testng.PickleWrapper, io.cucumber.testng.FeatureWrapper)[pri:0, instance:Hw3.RunTest@71623278]" started-at="2021-04-11T21:37:50 MSK" name="runScenario" description="Runs Cucumber Scenarios" data-provider="scenarios" finished-at="2021-04-11T21:37:55 MSK" duration-ms="5700" status="PASS">
          <params>
            <param index="0">
              <value>
                <![CDATA["assert browser titles"]]>
              </value>
            </param>
            <param index="1">
              <value>
                <![CDATA["Optional[Exercise 1 of Homework 3]"]]>
              </value>
            </param>
          </params>
          <reporter-output>
          </reporter-output>
        </test-method> <!-- runScenario -->
        <test-method is-config="true" signature="tearDownClass()[pri:0, instance:Hw3.RunTest@71623278]" started-at="2021-04-11T21:37:55 MSK" name="tearDownClass" finished-at="2021-04-11T21:37:55 MSK" duration-ms="8" status="PASS">
          <reporter-output>
          </reporter-output>
        </test-method> <!-- tearDownClass -->
      </class> <!-- Hw3.RunTest -->
    </test> <!-- Command line test -->
  </suite> <!-- Hw3.RunTest -->
</testng-results>
