<?xml version="1.0" encoding="UTF-8"?>
<testng-results ignored="0" total="11" passed="11" failed="0" skipped="0">
  <reporter-output>
  </reporter-output>
  <suite started-at="2021-04-13T01:34:11 MSK" name="Hw3.RunTest" finished-at="2021-04-13T01:35:13 MSK" duration-ms="61594">
    <groups>
      <group name="cucumber">
        <method signature="AbstractTestNGCucumberTests.runScenario(io.cucumber.testng.PickleWrapper, io.cucumber.testng.FeatureWrapper)[pri:0, instance:Hw3.RunTest@71623278]" name="runScenario" class="io.cucumber.testng.AbstractTestNGCucumberTests"/>
      </group> <!-- cucumber -->
    </groups>
    <test started-at="2021-04-13T01:34:11 MSK" name="Command line test" finished-at="2021-04-13T01:35:13 MSK" duration-ms="61594">
      <class name="Hw3.RunTest">
        <test-method is-config="true" signature="setUpClass()[pri:0, instance:Hw3.RunTest@71623278]" started-at="2021-04-13T01:34:11 MSK" name="setUpClass" finished-at="2021-04-13T01:34:12 MSK" duration-ms="224" status="PASS">
          <reporter-output>
          </reporter-output>
        </test-method> <!-- setUpClass -->
        <test-method signature="runScenario(io.cucumber.testng.PickleWrapper, io.cucumber.testng.FeatureWrapper)[pri:0, instance:Hw3.RunTest@71623278]" started-at="2021-04-13T01:34:12 MSK" name="runScenario" description="Runs Cucumber Scenarios" data-provider="scenarios" finished-at="2021-04-13T01:34:17 MSK" duration-ms="5584" status="PASS">
          <params>
            <param index="0">
              <value>
                <![CDATA["assert browser titles"]]>
              </value>
            </param>
            <param index="1">
              <value>
                <![CDATA["Optional[Exercise 1 of Homework 3]"]]>
              </value>
            </param>
          </params>
          <reporter-output>
          </reporter-output>
        </test-method> <!-- runScenario -->
        <test-method signature="runScenario(io.cucumber.testng.PickleWrapper, io.cucumber.testng.FeatureWrapper)[pri:0, instance:Hw3.RunTest@71623278]" started-at="2021-04-13T01:34:17 MSK" name="runScenario" description="Runs Cucumber Scenarios" data-provider="scenarios" finished-at="2021-04-13T01:34:22 MSK" duration-ms="4636" status="PASS">
          <params>
            <param index="0">
              <value>
                <![CDATA["assert username"]]>
              </value>
            </param>
            <param index="1">
              <value>
                <![CDATA["Optional[Exercise 1 of Homework 3]"]]>
              </value>
            </param>
          </params>
          <reporter-output>
          </reporter-output>
        </test-method> <!-- runScenario -->
        <test-method signature="runScenario(io.cucumber.testng.PickleWrapper, io.cucumber.testng.FeatureWrapper)[pri:0, instance:Hw3.RunTest@71623278]" started-at="2021-04-13T01:34:22 MSK" name="runScenario" description="Runs Cucumber Scenarios" data-provider="scenarios" finished-at="2021-04-13T01:34:28 MSK" duration-ms="6341" status="PASS">
          <params>
            <param index="0">
              <value>
                <![CDATA["check header"]]>
              </value>
            </param>
            <param index="1">
              <value>
                <![CDATA["Optional[Exercise 1 of Homework 3]"]]>
              </value>
            </param>
          </params>
          <reporter-output>
          </reporter-output>
        </test-method> <!-- runScenario -->
        <test-method signature="runScenario(io.cucumber.testng.PickleWrapper, io.cucumber.testng.FeatureWrapper)[pri:0, instance:Hw3.RunTest@71623278]" started-at="2021-04-13T01:34:28 MSK" name="runScenario" description="Runs Cucumber Scenarios" data-provider="scenarios" finished-at="2021-04-13T01:34:37 MSK" duration-ms="8662" status="PASS">
          <params>
            <param index="0">
              <value>
                <![CDATA["check images"]]>
              </value>
            </param>
            <param index="1">
              <value>
                <![CDATA["Optional[Exercise 1 of Homework 3]"]]>
              </value>
            </param>
          </params>
          <reporter-output>
          </reporter-output>
        </test-method> <!-- runScenario -->
        <test-method signature="runScenario(io.cucumber.testng.PickleWrapper, io.cucumber.testng.FeatureWrapper)[pri:0, instance:Hw3.RunTest@71623278]" started-at="2021-04-13T01:34:37 MSK" name="runScenario" description="Runs Cucumber Scenarios" data-provider="scenarios" finished-at="2021-04-13T01:34:42 MSK" duration-ms="4850" status="PASS">
          <params>
            <param index="0">
              <value>
                <![CDATA["check images descriptions"]]>
              </value>
            </param>
            <param index="1">
              <value>
                <![CDATA["Optional[Exercise 1 of Homework 3]"]]>
              </value>
            </param>
          </params>
          <reporter-output>
          </reporter-output>
        </test-method> <!-- runScenario -->
        <test-method signature="runScenario(io.cucumber.testng.PickleWrapper, io.cucumber.testng.FeatureWrapper)[pri:0, instance:Hw3.RunTest@71623278]" started-at="2021-04-13T01:34:42 MSK" name="runScenario" description="Runs Cucumber Scenarios" data-provider="scenarios" finished-at="2021-04-13T01:34:46 MSK" duration-ms="4560" status="PASS">
          <params>
            <param index="0">
              <value>
                <![CDATA["check main header text"]]>
              </value>
            </param>
            <param index="1">
              <value>
                <![CDATA["Optional[Exercise 1 of Homework 3]"]]>
              </value>
            </param>
          </params>
          <reporter-output>
          </reporter-output>
        </test-method> <!-- runScenario -->
        <test-method signature="runScenario(io.cucumber.testng.PickleWrapper, io.cucumber.testng.FeatureWrapper)[pri:0, instance:Hw3.RunTest@71623278]" started-at="2021-04-13T01:34:46 MSK" name="runScenario" description="Runs Cucumber Scenarios" data-provider="scenarios" finished-at="2021-04-13T01:34:51 MSK" duration-ms="4498" status="PASS">
          <params>
            <param index="0">
              <value>
                <![CDATA["check iframe"]]>
              </value>
            </param>
            <param index="1">
              <value>
                <![CDATA["Optional[Exercise 1 of Homework 3]"]]>
              </value>
            </param>
          </params>
          <reporter-output>
          </reporter-output>
        </test-method> <!-- runScenario -->
        <test-method signature="runScenario(io.cucumber.testng.PickleWrapper, io.cucumber.testng.FeatureWrapper)[pri:0, instance:Hw3.RunTest@71623278]" started-at="2021-04-13T01:34:51 MSK" name="runScenario" description="Runs Cucumber Scenarios" data-provider="scenarios" finished-at="2021-04-13T01:34:57 MSK" duration-ms="6261" status="PASS">
          <params>
            <param index="0">
              <value>
                <![CDATA["check subheader"]]>
              </value>
            </param>
            <param index="1">
              <value>
                <![CDATA["Optional[Exercise 1 of Homework 3]"]]>
              </value>
            </param>
          </params>
          <reporter-output>
          </reporter-output>
        </test-method> <!-- runScenario -->
        <test-method signature="runScenario(io.cucumber.testng.PickleWrapper, io.cucumber.testng.FeatureWrapper)[pri:0, instance:Hw3.RunTest@71623278]" started-at="2021-04-13T01:34:57 MSK" name="runScenario" description="Runs Cucumber Scenarios" data-provider="scenarios" finished-at="2021-04-13T01:35:03 MSK" duration-ms="6224" status="PASS">
          <params>
            <param index="0">
              <value>
                <![CDATA["check link"]]>
              </value>
            </param>
            <param index="1">
              <value>
                <![CDATA["Optional[Exercise 1 of Homework 3]"]]>
              </value>
            </param>
          </params>
          <reporter-output>
          </reporter-output>
        </test-method> <!-- runScenario -->
        <test-method signature="runScenario(io.cucumber.testng.PickleWrapper, io.cucumber.testng.FeatureWrapper)[pri:0, instance:Hw3.RunTest@71623278]" started-at="2021-04-13T01:35:03 MSK" name="runScenario" description="Runs Cucumber Scenarios" data-provider="scenarios" finished-at="2021-04-13T01:35:08 MSK" duration-ms="4480" status="PASS">
          <params>
            <param index="0">
              <value>
                <![CDATA["check left section"]]>
              </value>
            </param>
            <param index="1">
              <value>
                <![CDATA["Optional[Exercise 1 of Homework 3]"]]>
              </value>
            </param>
          </params>
          <reporter-output>
          </reporter-output>
        </test-method> <!-- runScenario -->
        <test-method signature="runScenario(io.cucumber.testng.PickleWrapper, io.cucumber.testng.FeatureWrapper)[pri:0, instance:Hw3.RunTest@71623278]" started-at="2021-04-13T01:35:08 MSK" name="runScenario" description="Runs Cucumber Scenarios" data-provider="scenarios" finished-at="2021-04-13T01:35:13 MSK" duration-ms="5226" status="PASS">
          <params>
            <param index="0">
              <value>
                <![CDATA["check footer"]]>
              </value>
            </param>
            <param index="1">
              <value>
                <![CDATA["Optional[Exercise 1 of Homework 3]"]]>
              </value>
            </param>
          </params>
          <reporter-output>
          </reporter-output>
        </test-method> <!-- runScenario -->
        <test-method is-config="true" signature="tearDownClass()[pri:0, instance:Hw3.RunTest@71623278]" started-at="2021-04-13T01:35:13 MSK" name="tearDownClass" finished-at="2021-04-13T01:35:13 MSK" duration-ms="18" status="PASS">
          <reporter-output>
          </reporter-output>
        </test-method> <!-- tearDownClass -->
      </class> <!-- Hw3.RunTest -->
    </test> <!-- Command line test -->
  </suite> <!-- Hw3.RunTest -->
</testng-results>
