<?xml version="1.0" encoding="UTF-8"?>
<testsuite name="TestSuite" time="8.131" tests="24" errors="0" skipped="0" failures="0">
  <properties>
[...]
</properties>
  <testcase name="EnterPage" classname="Hw2.FirstHalf" time="1.487"/>
  <testcase name="CheckHeader" classname="Hw2.FirstHalf" time="0.365"/>
  <testcase name="CheckIframe" classname="Hw2.FirstHalf" time="0.037"/>
  <testcase name="CheckImages" classname="Hw2.FirstHalf" time="0.139"/>
  <testcase name="Footer" classname="Hw2.FirstHalf" time="0.028"/>
  <testcase name="LeftSection" classname="Hw2.FirstHalf" time="0.025"/>
  <testcase name="MainHeaderText" classname="Hw2.FirstHalf" time="0.068"/>
  <testcase name="PerformLogin" classname="Hw2.FirstHalf" time="0.278"/>
  <testcase name="SubheaderText" classname="Hw2.FirstHalf" time="0.046"/>
  <testcase name="CheckImagesTexts" classname="Hw2.FirstHalf" time="0.106"/>
  <testcase name="CheckUsername" classname="Hw2.FirstHalf" time="0.015"/>
  <testcase name="SubheaderLink" classname="Hw2.FirstHalf" time="0.029"/>
  <testcase name="TestIframeContent" classname="Hw2.FirstHalf" time="0.058"/>
  <testcase name="CheckPostlogin" classname="Hw2.FirstHalf" time="0.004"/>
  <testcase name="EnterPage" classname="Hw2.SecondHalf" time="3.293"/>
  <testcase name="CheckServicesHeader" classname="Hw2.SecondHalf" time="0.389"/>
  <testcase name="CheckServicesLeft" classname="Hw2.SecondHalf" time="0.428"/>
  <testcase name="PerformLogin" classname="Hw2.SecondHalf" time="0.288"/>
  <testcase name="CheckDiffElements" classname="Hw2.SecondHalf" time="0.394"/>
  <testcase name="CheckDiffElementsContent" classname="Hw2.SecondHalf" time="0.279"/>
  <testcase name="CheckCheckboxesLogging" classname="Hw2.SecondHalf" time="0.099"/>
  <testcase name="CheckDropdownLogging" classname="Hw2.SecondHalf" time="0.148"/>
  <testcase name="CheckRadiobuttonLogging" classname="Hw2.SecondHalf" time="0.059"/>
  <testcase name="CheckCheckboxesLoggingReverse" classname="Hw2.SecondHalf" time="0.069"/>
</testsuite>