<?xml version="1.0" encoding="UTF-8"?>
<!-- Generated by org.testng.reporters.JUnitXMLReporter -->
<testsuite ignored="0" hostname="DESKTOP-PB2EV64" failures="0" tests="4" name="AutoQA" time="0.039" errors="0" timestamp="13 мар. 2021 22:57:54 GMT">
  <testcase classname="Hw1.SumTest" name="DoubleSumTest" time="0.008"/>
  <testcase classname="Hw1.SumTest" name="LongSumTest" time="0.002"/>
  <testcase classname="Hw1.SubTest" name="DoubleSumTest" time="0.001"/>
  <testcase classname="Hw1.SubTest" name="LongSumTest" time="0.001"/>
</testsuite> <!-- AutoQA -->
